<?xml version="1.0" encoding="UTF-8"?>
<testsuite name="ModelOnlineTest" tests="11" skipped="0" failures="0" errors="0" timestamp="2022-05-16T07:50:38" hostname="vlan-2661-10-19-240-229.student.wireless.sydney.edu.au" time="8.867">
  <properties/>
  <testcase name="testGetCountries()" classname="ModelOnlineTest" time="0.016"/>
  <testcase name="testAddCurrency()" classname="ModelOnlineTest" time="0.0"/>
  <testcase name="testPastebinOnline()" classname="ModelOnlineTest" time="0.582"/>
  <testcase name="testConvertOnlineInvalid()" classname="ModelOnlineTest" time="4.441"/>
  <testcase name="testConvertOnline()" classname="ModelOnlineTest" time="0.029"/>
  <testcase name="testRateOffline()" classname="ModelOnlineTest" time="0.017"/>
  <testcase name="testConvertOffline()" classname="ModelOnlineTest" time="0.001"/>
  <testcase name="testPastebinOffline()" classname="ModelOnlineTest" time="0.011"/>
  <testcase name="testRateOnline()" classname="ModelOnlineTest" time="0.003"/>
  <testcase name="testGetRateInvalid()" classname="ModelOnlineTest" time="3.76"/>
  <testcase name="testRemoveCurrency()" classname="ModelOnlineTest" time="0.001"/>
  <system-out><![CDATA[Database already exists
Database already exists
Database already exists
Database already exists
Database already exists
Database already exists
A new conversation has been added.
Database already exists
Database already exists
{"EUR":0}
Database already exists
A new conversation has been added.
Database already exists
Database already exists
]]></system-out>
  <system-err><![CDATA[]]></system-err>
</testsuite>
