<?xml version="1.0" encoding="UTF-8"?>
<testsuite name="ModelTest" tests="12" skipped="0" failures="0" errors="0" timestamp="2022-05-17T13:24:11" hostname="vlan-2661-10-19-243-85.student.wireless.sydney.edu.au" time="0.679">
  <properties/>
  <testcase name="testGetCountries()" classname="ModelTest" time="0.007"/>
  <testcase name="testClearCountries()" classname="ModelTest" time="0.001"/>
  <testcase name="testAddCurrency()" classname="ModelTest" time="0.0"/>
  <testcase name="testPastebinOnline()" classname="ModelTest" time="0.435"/>
  <testcase name="testConvertOnlineInvalid()" classname="ModelTest" time="0.178"/>
  <testcase name="testConvertOnline()" classname="ModelTest" time="0.014"/>
  <testcase name="testRateOffline()" classname="ModelTest" time="0.024"/>
  <testcase name="testConvertOffline()" classname="ModelTest" time="0.001"/>
  <testcase name="testPastebinOffline()" classname="ModelTest" time="0.009"/>
  <testcase name="testRateOnline()" classname="ModelTest" time="0.004"/>
  <testcase name="testGetRateInvalid()" classname="ModelTest" time="0.002"/>
  <testcase name="testRemoveCurrency()" classname="ModelTest" time="0.0"/>
  <system-out><![CDATA[Database already exists
Database already exists
Database already exists
Database already exists
Database already exists
Database already exists
Database already exists
A new conversation has been added.
Database already exists
]]></system-out>
  <system-err><![CDATA[]]></system-err>
</testsuite>
