<?xml version="1.0" encoding="UTF-8"?>
<testsuite name="ModelCacheTest" tests="2" skipped="0" failures="0" errors="0" timestamp="2022-06-17T09:42:40" hostname="Edwards-MacBook-Pro.local" time="0.003">
  <properties/>
  <testcase name="testCacheHit()" classname="ModelCacheTest" time="0.001"/>
  <testcase name="testGetRateUseCache()" classname="ModelCacheTest" time="0.001"/>
  <system-out><![CDATA[Database already exists
Database already exists
]]></system-out>
  <system-err><![CDATA[]]></system-err>
</testsuite>
