<?xml version="1.0" encoding="UTF-8"?>
<testsuite name="ModelTest" tests="12" skipped="0" failures="0" errors="0" timestamp="2022-05-26T16:36:04" hostname="Edwards-MacBook-Pro.local" time="0.659">
  <properties/>
  <testcase name="testGetCountries()" classname="ModelTest" time="0.009"/>
  <testcase name="testClearCountries()" classname="ModelTest" time="0.0"/>
  <testcase name="testAddCurrency()" classname="ModelTest" time="0.0"/>
  <testcase name="testPastebinOnline()" classname="ModelTest" time="0.479"/>
  <testcase name="testConvertOnlineInvalid()" classname="ModelTest" time="0.117"/>
  <testcase name="testConvertOnline()" classname="ModelTest" time="0.013"/>
  <testcase name="testRateOffline()" classname="ModelTest" time="0.023"/>
  <testcase name="testConvertOffline()" classname="ModelTest" time="0.002"/>
  <testcase name="testPastebinOffline()" classname="ModelTest" time="0.007"/>
  <testcase name="testRateOnline()" classname="ModelTest" time="0.003"/>
  <testcase name="testGetRateInvalid()" classname="ModelTest" time="0.002"/>
  <testcase name="testRemoveCurrency()" classname="ModelTest" time="0.0"/>
  <system-out><![CDATA[Database already exists
Database already exists
Database already exists
Database already exists
Database already exists
Database already exists
]]></system-out>
  <system-err><![CDATA[]]></system-err>
</testsuite>
