<?xml version="1.0" encoding="UTF-8"?>
<testsuite name="ModelAPITest" tests="8" skipped="0" failures="0" errors="0" timestamp="2022-06-17T10:49:05" hostname="Edwards-MacBook-Pro.local" time="0.078">
  <properties/>
  <testcase name="testConvertInvalid()" classname="ModelAPITest" time="0.027"/>
  <testcase name="testPastebinOnline()" classname="ModelAPITest" time="0.011"/>
  <testcase name="testConvertOnline()" classname="ModelAPITest" time="0.002"/>
  <testcase name="testRateOffline()" classname="ModelAPITest" time="0.017"/>
  <testcase name="testConvertOffline()" classname="ModelAPITest" time="0.002"/>
  <testcase name="testPastebinOffline()" classname="ModelAPITest" time="0.001"/>
  <testcase name="testRateOnline()" classname="ModelAPITest" time="0.012"/>
  <testcase name="testGetRateInvalid()" classname="ModelAPITest" time="0.004"/>
  <system-out><![CDATA[Database already exists
Database already exists
Database already exists
Database already exists
Database already exists
Database already exists
Database already exists
{"EUR":0.94618129}
Database already exists
Database already exists
Database already exists
Database already exists
Database already exists
Database already exists
Database already exists
]]></system-out>
  <system-err><![CDATA[]]></system-err>
</testsuite>
