<?xml version="1.0" encoding="UTF-8"?>
<testsuite name="ModelCurrencyTest" tests="6" skipped="0" failures="0" errors="0" timestamp="2022-06-17T09:42:40" hostname="Edwards-MacBook-Pro.local" time="0.008">
  <properties/>
  <testcase name="testCalculateResult()" classname="ModelCurrencyTest" time="0.001"/>
  <testcase name="testClearCountries()" classname="ModelCurrencyTest" time="0.001"/>
  <testcase name="testAddCurrency()" classname="ModelCurrencyTest" time="0.001"/>
  <testcase name="testCheckAndSetThreshold()" classname="ModelCurrencyTest" time="0.002"/>
  <testcase name="testGetCountryName()" classname="ModelCurrencyTest" time="0.001"/>
  <testcase name="testRemoveCurrency()" classname="ModelCurrencyTest" time="0.001"/>
  <system-out><![CDATA[Database already exists
Database already exists
Database already exists
Database already exists
Database already exists
Database already exists
]]></system-out>
  <system-err><![CDATA[]]></system-err>
</testsuite>
